<?xml version="1.0" encoding="UTF-8"?>
<!-- Generated by org.testng.reporters.JUnitReportReporter -->
<testsuite skipped="0" hostname="amuzement" name="test1" tests="1" failures="0" timestamp="2019-12-28T23:16:09 EST" time="0.014" errors="0">
  <testcase name="regular" time="0.014" classname="test1"/>
</testsuite> <!-- test1 -->
