<?xml version="1.0" encoding="UTF-8"?>
<!-- Generated by org.testng.reporters.JUnitReportReporter -->
<testsuite skipped="0" hostname="amuzement" name="StreamTest" tests="2" failures="0" timestamp="2019-12-28T23:44:50 EST" time="0.017" errors="0">
  <testcase name="regular" time="0.002" classname="StreamTest"/>
  <testcase name="StreamFilter" time="0.015" classname="StreamTest"/>
</testsuite> <!-- StreamTest -->
