<?xml version="1.0" encoding="UTF-8"?>
<!-- Generated by org.testng.reporters.JUnitReportReporter -->
<testsuite skipped="0" hostname="amuzement" name="StreamTest" tests="2" failures="0" timestamp="2019-12-28T23:30:46 EST" time="0.015" errors="0">
  <testcase name="StreamFilter" time="0.014" classname="StreamTest"/>
  <testcase name="regular" time="0.001" classname="StreamTest"/>
</testsuite> <!-- StreamTest -->
