<?xml version="1.0" encoding="UTF-8"?>
<!-- Generated by org.testng.reporters.JUnitReportReporter -->
<testsuite skipped="0" hostname="amuzement" name="remoteTesting.dockerValidation.chromeNode2Test" tests="1" failures="0" timestamp="2019-12-24T08:16:53 EST" time="6.934" errors="0">
  <testcase name="test2" time="6.934" classname="remoteTesting.dockerValidation.chromeNode2Test"/>
</testsuite> <!-- remoteTesting.dockerValidation.chromeNode2Test -->
