<?xml version="1.0" encoding="UTF-8"?>
<!-- Generated by org.testng.reporters.JUnitReportReporter -->
<testsuite skipped="0" hostname="amuzement" name="remoteTesting.dockerValidation.startDocker" tests="1" failures="0" timestamp="2019-12-23T23:45:04 EST" time="8.056" errors="0">
  <testcase name="startFile" time="8.056" classname="remoteTesting.dockerValidation.startDocker"/>
</testsuite> <!-- remoteTesting.dockerValidation.startDocker -->
