<?xml version="1.0" encoding="UTF-8"?>
<!-- Generated by org.testng.reporters.JUnitReportReporter -->
<testsuite skipped="0" hostname="amuzement" name="remoteTesting.dockerValidation.chromeNode1Test" tests="1" failures="0" timestamp="2019-12-24T08:16:53 EST" time="19.629" errors="0">
  <testcase name="test1" time="19.629" classname="remoteTesting.dockerValidation.chromeNode1Test"/>
</testsuite> <!-- remoteTesting.dockerValidation.chromeNode1Test -->
