<?xml version="1.0" encoding="UTF-8"?>
<!-- Generated by org.testng.reporters.JUnitReportReporter -->
<testsuite skipped="0" hostname="amuzement" name="remoteTesting.dockerValidation.chromeNode1Test" tests="1" failures="0" timestamp="2019-12-23T13:40:43 EST" time="14.538" errors="0">
  <testcase name="test1" time="14.538" classname="remoteTesting.dockerValidation.chromeNode1Test"/>
</testsuite> <!-- remoteTesting.dockerValidation.chromeNode1Test -->
