<?xml version="1.0" encoding="UTF-8"?>
<!-- Generated by org.testng.reporters.JUnitReportReporter -->
<testsuite skipped="0" hostname="amuzement" name="remoteTesting.dockerValidation.stopDocker" tests="1" failures="0" timestamp="2019-12-23T23:45:27 EST" time="3.069" errors="0">
  <testcase name="startFile" time="3.069" classname="remoteTesting.dockerValidation.stopDocker"/>
</testsuite> <!-- remoteTesting.dockerValidation.stopDocker -->
