<?xml version="1.0" encoding="UTF-8"?>
<!-- Generated by org.testng.reporters.JUnitReportReporter -->
<testsuite skipped="1" hostname="amuzement" name="dataDriven.excelDataProvider.dataProvide" tests="1" failures="0" timestamp="2019-12-28T01:28:03 EST" time="0.000" errors="0">
  <testcase name="testCaseData" time="0.000" classname="dataDriven.excelDataProvider.dataProvide">
    <skipped/>
  </testcase> <!-- testCaseData -->
</testsuite> <!-- dataDriven.excelDataProvider.dataProvide -->
