<?xml version="1.0" encoding="UTF-8"?>
<!-- Generated by org.testng.reporters.JUnitReportReporter -->
<testsuite skipped="0" hostname="amuzement" name="dataDriven.excelDataProvider.dataProvide" tests="3" failures="0" timestamp="2019-12-27T22:28:59 EST" time="0.018" errors="0">
  <testcase name="testCaseData" time="0.014" classname="dataDriven.excelDataProvider.dataProvide"/>
  <testcase name="testCaseData" time="0.002" classname="dataDriven.excelDataProvider.dataProvide"/>
  <testcase name="testCaseData" time="0.002" classname="dataDriven.excelDataProvider.dataProvide"/>
</testsuite> <!-- dataDriven.excelDataProvider.dataProvide -->
