<?xml version="1.0" encoding="UTF-8"?>
<!-- Generated by org.testng.reporters.JUnitReportReporter -->
<testsuite skipped="0" hostname="HAL9000" name="dataDriven.excelDataProvider.dataProvide" tests="3" failures="0" timestamp="2019-12-28T10:41:26 EST" time="0.029" errors="0">
  <testcase name="testCaseData" time="0.009" classname="dataDriven.excelDataProvider.dataProvide"/>
  <testcase name="testCaseData" time="0.004" classname="dataDriven.excelDataProvider.dataProvide"/>
  <testcase name="testCaseData" time="0.016" classname="dataDriven.excelDataProvider.dataProvide"/>
</testsuite> <!-- dataDriven.excelDataProvider.dataProvide -->
