<?xml version="1.0" encoding="UTF-8"?>
<!-- Generated by org.testng.reporters.JUnitReportReporter -->
<testsuite skipped="0" hostname="HAL9000" name="dataDriven.excelDataProvider.excel" tests="1" failures="0" timestamp="2019-12-28T10:51:39 EST" time="1.924" errors="0">
  <testcase name="getExcel" time="1.924" classname="dataDriven.excelDataProvider.excel"/>
</testsuite> <!-- dataDriven.excelDataProvider.excel -->
